have_library: checking for main() in -lgetdns... -------------------- yes

"gcc -o conftest -I/Users/nitsingh/.rvm/rubies/ruby-2.2.0/include/ruby-2.2.0/x86_64-darwin13 -I/Users/nitsingh/.rvm/rubies/ruby-2.2.0/include/ruby-2.2.0/ruby/backward -I/Users/nitsingh/.rvm/rubies/ruby-2.2.0/include/ruby-2.2.0 -I.  -I/usr/local/opt/libyaml/include -I/usr/local/opt/readline/include -I/usr/local/opt/libksba/include -I/usr/local/opt/openssl/include -I/usr/local/opt/libyaml/include -I/usr/local/opt/readline/include -I/usr/local/opt/libksba/include -I/usr/local/opt/openssl/include -D_XOPEN_SOURCE -D_DARWIN_C_SOURCE -D_DARWIN_UNLIMITED_SELECT -D_REENTRANT    -O3 -fno-fast-math -ggdb3 -Wall -Wextra -Wno-unused-parameter -Wno-parentheses -Wno-long-long -Wno-missing-field-initializers -Wunused-variable -Wpointer-arith -Wwrite-strings -Wdeclaration-after-statement -Wshorten-64-to-32 -Wimplicit-function-declaration -Wdivision-by-zero -Wdeprecated-declarations -Wextra-tokens  -fno-common -pipe conftest.c  -L/usr/local/opt/libyaml/lib -L/usr/local/opt/readline/lib -L/usr/local/opt/libksba/lib -L/usr/local/opt/openssl/lib -L. -L/Users/nitsingh/.rvm/rubies/ruby-2.2.0/lib -L. -fstack-protector -L/usr/local/lib -L/usr/local/opt/libyaml/lib -L/usr/local/opt/readline/lib -L/usr/local/opt/libksba/lib -L/usr/local/opt/openssl/lib -L/usr/local/opt/libyaml/lib -L/usr/local/opt/readline/lib -L/usr/local/opt/libksba/lib -L/usr/local/opt/openssl/lib      -lruby.2.2.0  -lpthread -ldl -lobjc "
checked program was:
/* begin */
1: #include "ruby.h"
2: 
3: int main(int argc, char **argv)
4: {
5:   return 0;
6: }
/* end */

"gcc -o conftest -I/Users/nitsingh/.rvm/rubies/ruby-2.2.0/include/ruby-2.2.0/x86_64-darwin13 -I/Users/nitsingh/.rvm/rubies/ruby-2.2.0/include/ruby-2.2.0/ruby/backward -I/Users/nitsingh/.rvm/rubies/ruby-2.2.0/include/ruby-2.2.0 -I.  -I/usr/local/opt/libyaml/include -I/usr/local/opt/readline/include -I/usr/local/opt/libksba/include -I/usr/local/opt/openssl/include -I/usr/local/opt/libyaml/include -I/usr/local/opt/readline/include -I/usr/local/opt/libksba/include -I/usr/local/opt/openssl/include -D_XOPEN_SOURCE -D_DARWIN_C_SOURCE -D_DARWIN_UNLIMITED_SELECT -D_REENTRANT    -O3 -fno-fast-math -ggdb3 -Wall -Wextra -Wno-unused-parameter -Wno-parentheses -Wno-long-long -Wno-missing-field-initializers -Wunused-variable -Wpointer-arith -Wwrite-strings -Wdeclaration-after-statement -Wshorten-64-to-32 -Wimplicit-function-declaration -Wdivision-by-zero -Wdeprecated-declarations -Wextra-tokens  -fno-common -pipe conftest.c  -L/usr/local/opt/libyaml/lib -L/usr/local/opt/readline/lib -L/usr/local/opt/libksba/lib -L/usr/local/opt/openssl/lib -L. -L/Users/nitsingh/.rvm/rubies/ruby-2.2.0/lib -L. -fstack-protector -L/usr/local/lib -L/usr/local/opt/libyaml/lib -L/usr/local/opt/readline/lib -L/usr/local/opt/libksba/lib -L/usr/local/opt/openssl/lib -L/usr/local/opt/libyaml/lib -L/usr/local/opt/readline/lib -L/usr/local/opt/libksba/lib -L/usr/local/opt/openssl/lib      -lruby.2.2.0 -lgetdns  -lpthread -ldl -lobjc "
checked program was:
/* begin */
 1: #include "ruby.h"
 2: 
 3: /*top*/
 4: extern int t(void);
 5: int main(int argc, char **argv)
 6: {
 7:   if (argc > 1000000) {
 8:     printf("%p", &t);
 9:   }
10: 
11:   return 0;
12: }
13: int t(void) { void ((*volatile p)()); p = (void ((*)()))main; return 0; }
/* end */

--------------------

have_library: checking for main() in -lunbound... -------------------- yes

"gcc -o conftest -I/Users/nitsingh/.rvm/rubies/ruby-2.2.0/include/ruby-2.2.0/x86_64-darwin13 -I/Users/nitsingh/.rvm/rubies/ruby-2.2.0/include/ruby-2.2.0/ruby/backward -I/Users/nitsingh/.rvm/rubies/ruby-2.2.0/include/ruby-2.2.0 -I.  -I/usr/local/opt/libyaml/include -I/usr/local/opt/readline/include -I/usr/local/opt/libksba/include -I/usr/local/opt/openssl/include -I/usr/local/opt/libyaml/include -I/usr/local/opt/readline/include -I/usr/local/opt/libksba/include -I/usr/local/opt/openssl/include -D_XOPEN_SOURCE -D_DARWIN_C_SOURCE -D_DARWIN_UNLIMITED_SELECT -D_REENTRANT    -O3 -fno-fast-math -ggdb3 -Wall -Wextra -Wno-unused-parameter -Wno-parentheses -Wno-long-long -Wno-missing-field-initializers -Wunused-variable -Wpointer-arith -Wwrite-strings -Wdeclaration-after-statement -Wshorten-64-to-32 -Wimplicit-function-declaration -Wdivision-by-zero -Wdeprecated-declarations -Wextra-tokens  -fno-common -pipe conftest.c  -L/usr/local/opt/libyaml/lib -L/usr/local/opt/readline/lib -L/usr/local/opt/libksba/lib -L/usr/local/opt/openssl/lib -L. -L/Users/nitsingh/.rvm/rubies/ruby-2.2.0/lib -L. -fstack-protector -L/usr/local/lib -L/usr/local/opt/libyaml/lib -L/usr/local/opt/readline/lib -L/usr/local/opt/libksba/lib -L/usr/local/opt/openssl/lib -L/usr/local/opt/libyaml/lib -L/usr/local/opt/readline/lib -L/usr/local/opt/libksba/lib -L/usr/local/opt/openssl/lib     -lgetdns  -lruby.2.2.0 -lunbound -lgetdns  -lpthread -ldl -lobjc "
checked program was:
/* begin */
 1: #include "ruby.h"
 2: 
 3: /*top*/
 4: extern int t(void);
 5: int main(int argc, char **argv)
 6: {
 7:   if (argc > 1000000) {
 8:     printf("%p", &t);
 9:   }
10: 
11:   return 0;
12: }
13: int t(void) { void ((*volatile p)()); p = (void ((*)()))main; return 0; }
/* end */

--------------------

have_library: checking for main() in -lidn... -------------------- yes

"gcc -o conftest -I/Users/nitsingh/.rvm/rubies/ruby-2.2.0/include/ruby-2.2.0/x86_64-darwin13 -I/Users/nitsingh/.rvm/rubies/ruby-2.2.0/include/ruby-2.2.0/ruby/backward -I/Users/nitsingh/.rvm/rubies/ruby-2.2.0/include/ruby-2.2.0 -I.  -I/usr/local/opt/libyaml/include -I/usr/local/opt/readline/include -I/usr/local/opt/libksba/include -I/usr/local/opt/openssl/include -I/usr/local/opt/libyaml/include -I/usr/local/opt/readline/include -I/usr/local/opt/libksba/include -I/usr/local/opt/openssl/include -D_XOPEN_SOURCE -D_DARWIN_C_SOURCE -D_DARWIN_UNLIMITED_SELECT -D_REENTRANT    -O3 -fno-fast-math -ggdb3 -Wall -Wextra -Wno-unused-parameter -Wno-parentheses -Wno-long-long -Wno-missing-field-initializers -Wunused-variable -Wpointer-arith -Wwrite-strings -Wdeclaration-after-statement -Wshorten-64-to-32 -Wimplicit-function-declaration -Wdivision-by-zero -Wdeprecated-declarations -Wextra-tokens  -fno-common -pipe conftest.c  -L/usr/local/opt/libyaml/lib -L/usr/local/opt/readline/lib -L/usr/local/opt/libksba/lib -L/usr/local/opt/openssl/lib -L. -L/Users/nitsingh/.rvm/rubies/ruby-2.2.0/lib -L. -fstack-protector -L/usr/local/lib -L/usr/local/opt/libyaml/lib -L/usr/local/opt/readline/lib -L/usr/local/opt/libksba/lib -L/usr/local/opt/openssl/lib -L/usr/local/opt/libyaml/lib -L/usr/local/opt/readline/lib -L/usr/local/opt/libksba/lib -L/usr/local/opt/openssl/lib     -lunbound -lgetdns  -lruby.2.2.0 -lidn -lunbound -lgetdns  -lpthread -ldl -lobjc "
checked program was:
/* begin */
 1: #include "ruby.h"
 2: 
 3: /*top*/
 4: extern int t(void);
 5: int main(int argc, char **argv)
 6: {
 7:   if (argc > 1000000) {
 8:     printf("%p", &t);
 9:   }
10: 
11:   return 0;
12: }
13: int t(void) { void ((*volatile p)()); p = (void ((*)()))main; return 0; }
/* end */

--------------------

have_library: checking for main() in -lldns... -------------------- yes

"gcc -o conftest -I/Users/nitsingh/.rvm/rubies/ruby-2.2.0/include/ruby-2.2.0/x86_64-darwin13 -I/Users/nitsingh/.rvm/rubies/ruby-2.2.0/include/ruby-2.2.0/ruby/backward -I/Users/nitsingh/.rvm/rubies/ruby-2.2.0/include/ruby-2.2.0 -I.  -I/usr/local/opt/libyaml/include -I/usr/local/opt/readline/include -I/usr/local/opt/libksba/include -I/usr/local/opt/openssl/include -I/usr/local/opt/libyaml/include -I/usr/local/opt/readline/include -I/usr/local/opt/libksba/include -I/usr/local/opt/openssl/include -D_XOPEN_SOURCE -D_DARWIN_C_SOURCE -D_DARWIN_UNLIMITED_SELECT -D_REENTRANT    -O3 -fno-fast-math -ggdb3 -Wall -Wextra -Wno-unused-parameter -Wno-parentheses -Wno-long-long -Wno-missing-field-initializers -Wunused-variable -Wpointer-arith -Wwrite-strings -Wdeclaration-after-statement -Wshorten-64-to-32 -Wimplicit-function-declaration -Wdivision-by-zero -Wdeprecated-declarations -Wextra-tokens  -fno-common -pipe conftest.c  -L/usr/local/opt/libyaml/lib -L/usr/local/opt/readline/lib -L/usr/local/opt/libksba/lib -L/usr/local/opt/openssl/lib -L. -L/Users/nitsingh/.rvm/rubies/ruby-2.2.0/lib -L. -fstack-protector -L/usr/local/lib -L/usr/local/opt/libyaml/lib -L/usr/local/opt/readline/lib -L/usr/local/opt/libksba/lib -L/usr/local/opt/openssl/lib -L/usr/local/opt/libyaml/lib -L/usr/local/opt/readline/lib -L/usr/local/opt/libksba/lib -L/usr/local/opt/openssl/lib     -lidn -lunbound -lgetdns  -lruby.2.2.0 -lldns -lidn -lunbound -lgetdns  -lpthread -ldl -lobjc "
checked program was:
/* begin */
 1: #include "ruby.h"
 2: 
 3: /*top*/
 4: extern int t(void);
 5: int main(int argc, char **argv)
 6: {
 7:   if (argc > 1000000) {
 8:     printf("%p", &t);
 9:   }
10: 
11:   return 0;
12: }
13: int t(void) { void ((*volatile p)()); p = (void ((*)()))main; return 0; }
/* end */

--------------------

have_library: checking for main() in -lgetdns_ext_event... -------------------- yes

"gcc -o conftest -I/Users/nitsingh/.rvm/rubies/ruby-2.2.0/include/ruby-2.2.0/x86_64-darwin13 -I/Users/nitsingh/.rvm/rubies/ruby-2.2.0/include/ruby-2.2.0/ruby/backward -I/Users/nitsingh/.rvm/rubies/ruby-2.2.0/include/ruby-2.2.0 -I.  -I/usr/local/opt/libyaml/include -I/usr/local/opt/readline/include -I/usr/local/opt/libksba/include -I/usr/local/opt/openssl/include -I/usr/local/opt/libyaml/include -I/usr/local/opt/readline/include -I/usr/local/opt/libksba/include -I/usr/local/opt/openssl/include -D_XOPEN_SOURCE -D_DARWIN_C_SOURCE -D_DARWIN_UNLIMITED_SELECT -D_REENTRANT    -O3 -fno-fast-math -ggdb3 -Wall -Wextra -Wno-unused-parameter -Wno-parentheses -Wno-long-long -Wno-missing-field-initializers -Wunused-variable -Wpointer-arith -Wwrite-strings -Wdeclaration-after-statement -Wshorten-64-to-32 -Wimplicit-function-declaration -Wdivision-by-zero -Wdeprecated-declarations -Wextra-tokens  -fno-common -pipe conftest.c  -L/usr/local/opt/libyaml/lib -L/usr/local/opt/readline/lib -L/usr/local/opt/libksba/lib -L/usr/local/opt/openssl/lib -L. -L/Users/nitsingh/.rvm/rubies/ruby-2.2.0/lib -L. -fstack-protector -L/usr/local/lib -L/usr/local/opt/libyaml/lib -L/usr/local/opt/readline/lib -L/usr/local/opt/libksba/lib -L/usr/local/opt/openssl/lib -L/usr/local/opt/libyaml/lib -L/usr/local/opt/readline/lib -L/usr/local/opt/libksba/lib -L/usr/local/opt/openssl/lib     -lldns -lidn -lunbound -lgetdns  -lruby.2.2.0 -lgetdns_ext_event -lldns -lidn -lunbound -lgetdns  -lpthread -ldl -lobjc "
checked program was:
/* begin */
 1: #include "ruby.h"
 2: 
 3: /*top*/
 4: extern int t(void);
 5: int main(int argc, char **argv)
 6: {
 7:   if (argc > 1000000) {
 8:     printf("%p", &t);
 9:   }
10: 
11:   return 0;
12: }
13: int t(void) { void ((*volatile p)()); p = (void ((*)()))main; return 0; }
/* end */

--------------------

